<?xml version="1.0" encoding="UTF-8"?>
<!-- Generated by org.testng.reporters.JUnitReportReporter -->
<testsuite skipped="0" hostname="LAPTOP-EG3C4IFC" name="com.crm.qa.testcases.LogInPageTest" tests="3" failures="0" timestamp="2020-07-13T18:45:16 EDT" time="31.029" errors="0">
  <testcase name="LogInPageTitleTest" time="7.319" classname="com.crm.qa.testcases.LogInPageTest"/>
  <system-out/>
  <testcase name="crmLogoTest" time="8.248" classname="com.crm.qa.testcases.LogInPageTest"/>
  <system-out/>
  <testcase name="LogIntest" time="15.462" classname="com.crm.qa.testcases.LogInPageTest"/>
  <system-out/>
</testsuite> <!-- com.crm.qa.testcases.LogInPageTest -->
