<?xml version="1.0" encoding="UTF-8"?>
<!-- Generated by org.testng.reporters.JUnitReportReporter -->
<testsuite skipped="0" hostname="LAPTOP-EG3C4IFC" name="com.crm.qa.testcases.ContactPageTest" tests="5" failures="0" timestamp="2020-07-13T23:15:03 EDT" time="115.749" errors="0">
  <testcase name="verifyContactsLabelPrinted" time="22.070" classname="com.crm.qa.testcases.ContactPageTest"/>
  <system-out/>
  <testcase name="validateCreateNewContact" time="24.302" classname="com.crm.qa.testcases.ContactPageTest"/>
  <system-out/>
  <testcase name="validateCreateNewContact" time="22.873" classname="com.crm.qa.testcases.ContactPageTest"/>
  <system-out/>
  <testcase name="validateCreateNewContact" time="21.806" classname="com.crm.qa.testcases.ContactPageTest"/>
  <system-out/>
  <testcase name="validateCreateNewContact" time="24.698" classname="com.crm.qa.testcases.ContactPageTest"/>
  <system-out/>
</testsuite> <!-- com.crm.qa.testcases.ContactPageTest -->
