<?xml version="1.0" encoding="UTF-8"?>
<!-- Generated by org.testng.reporters.JUnitReportReporter -->
<testsuite skipped="0" hostname="LAPTOP-EG3C4IFC" name="com.crm.qa.testcases.ContactPageTest" tests="5" failures="0" timestamp="2020-07-13T18:51:27 EDT" time="111.423" errors="0">
  <testcase name="verifyContactsLabelPrinted" time="21.105" classname="com.crm.qa.testcases.ContactPageTest"/>
  <system-out/>
  <testcase name="validateCreateNewContact" time="22.387" classname="com.crm.qa.testcases.ContactPageTest"/>
  <system-out/>
  <testcase name="validateCreateNewContact" time="22.022" classname="com.crm.qa.testcases.ContactPageTest"/>
  <system-out/>
  <testcase name="validateCreateNewContact" time="22.513" classname="com.crm.qa.testcases.ContactPageTest"/>
  <system-out/>
  <testcase name="validateCreateNewContact" time="23.396" classname="com.crm.qa.testcases.ContactPageTest"/>
  <system-out/>
</testsuite> <!-- com.crm.qa.testcases.ContactPageTest -->
