<?xml version="1.0" encoding="UTF-8"?>
<!-- Generated by org.testng.reporters.JUnitReportReporter -->
<testsuite skipped="0" hostname="LAPTOP-EG3C4IFC" name="com.crm.qa.testcases.LogInPageTest" tests="3" failures="0" timestamp="2020-07-13T18:51:27 EDT" time="36.128" errors="0">
  <testcase name="LogInPageTitleTest" time="7.015" classname="com.crm.qa.testcases.LogInPageTest"/>
  <system-out/>
  <testcase name="crmLogoTest" time="8.228" classname="com.crm.qa.testcases.LogInPageTest"/>
  <system-out/>
  <testcase name="LogIntest" time="20.885" classname="com.crm.qa.testcases.LogInPageTest"/>
  <system-out/>
</testsuite> <!-- com.crm.qa.testcases.LogInPageTest -->
