<?xml version="1.0" encoding="UTF-8"?>
<!-- Generated by org.testng.reporters.JUnitReportReporter -->
<testsuite skipped="0" hostname="LAPTOP-EG3C4IFC" name="com.crm.qa.testcases.ContactPageTest" tests="5" failures="0" timestamp="2020-07-13T23:20:05 EDT" time="117.536" errors="0">
  <testcase name="verifyContactsLabelPrinted" time="22.140" classname="com.crm.qa.testcases.ContactPageTest"/>
  <system-out/>
  <testcase name="validateCreateNewContact" time="24.714" classname="com.crm.qa.testcases.ContactPageTest"/>
  <system-out/>
  <testcase name="validateCreateNewContact" time="22.734" classname="com.crm.qa.testcases.ContactPageTest"/>
  <system-out/>
  <testcase name="validateCreateNewContact" time="22.730" classname="com.crm.qa.testcases.ContactPageTest"/>
  <system-out/>
  <testcase name="validateCreateNewContact" time="25.218" classname="com.crm.qa.testcases.ContactPageTest"/>
  <system-out/>
</testsuite> <!-- com.crm.qa.testcases.ContactPageTest -->
